
--- Avvio Sessione ---
Eseguo: C:\Program Files (x86)\STMicroelectronics\STM32 ST-LINK Utility\ST-LINK Utility\ST-LINK_CLI.exe -c SN=55FF67066685485537241767 SWIM -ME -P C:/Users/ernesto/Desktop/FW_prog_1439/l6474.s19 -V after_programming -Rst

STM32 ST-LINK CLI v3.6.0.0
STM32 ST-LINK Command Line Interface

No ST-LINK [ID=55FF67066685485537241767 SWIM] Found!

❌ Errore di programmazione (codice 2).
Eseguo: C:\Program Files (x86)\STMicroelectronics\STM32 ST-LINK Utility\ST-LINK Utility\ST-LINK_CLI.exe -c SN=55FF67066685485537241767 SWIM -ME -P C:/Users/ernesto/Desktop/FW_prog_1439/l6474.s19 -V after_programming -Rst

STM32 ST-LINK CLI v3.6.0.0
STM32 ST-LINK Command Line Interface

No ST-LINK [ID=55FF67066685485537241767 SWIM] Found!

❌ Errore di programmazione (codice 2).
Eseguo: C:\Program Files (x86)\STMicroelectronics\STM32 ST-LINK Utility\ST-LINK Utility\ST-LINK_CLI.exe -c SN=55FF67066685485537241767 SWIM -ME -P C:/Users/ernesto/Desktop/FW_prog_1439/l6474.s19 -V after_programming -Rst

STM32 ST-LINK CLI v3.6.0.0
STM32 ST-LINK Command Line Interface

No ST-LINK [ID=55FF67066685485537241767 SWIM] Found!

❌ Errore di programmazione (codice 2).
Eseguo: C:\Program Files (x86)\STMicroelectronics\STM32 ST-LINK Utility\ST-LINK Utility\ST-LINK_CLI.exe -c SN=55FF67066685485537241767 SWIM -ME -P C:/Users/ernesto/Desktop/FW_prog_1439/l6474.s19 -V after_programming -Rst

STM32 ST-LINK CLI v3.6.0.0
STM32 ST-LINK Command Line Interface

No ST-LINK [ID=55FF67066685485537241767 SWIM] Found!

❌ Errore di programmazione (codice 2).

--- Avvio Sessione ---
Eseguo: C:\Program Files (x86)\STMicroelectronics\STM32 ST-LINK Utility\ST-LINK Utility\ST-LINK_CLI.exe -c SN=55FF67066685485537241767 SWIM -ME -P C:/Users/ernesto/Desktop/FW_prog_1439/l6474.s19 -V after_programming -Rst

STM32 ST-LINK CLI v3.6.0.0
STM32 ST-LINK Command Line Interface

No ST-LINK [ID=55FF67066685485537241767 SWIM] Found!

❌ Errore di programmazione (codice 2).
Eseguo: C:\Program Files (x86)\STMicroelectronics\STM32 ST-LINK Utility\ST-LINK Utility\ST-LINK_CLI.exe -c SN=55FF67066685485537241767 SWIM -ME -P C:/Users/ernesto/Desktop/FW_prog_1439/l6474.s19 -V after_programming -Rst

STM32 ST-LINK CLI v3.6.0.0
STM32 ST-LINK Command Line Interface

No ST-LINK [ID=55FF67066685485537241767 SWIM] Found!

❌ Errore di programmazione (codice 2).

--- Avvio Sessione ---
Eseguo: C:\Program Files (x86)\STMicroelectronics\STM32 ST-LINK Utility\ST-LINK Utility\ST-LINK_CLI.exe -c SN=55FF67066685485537241767 SWIM -ME -P C:/Users/ernesto/Desktop/FW_prog_1439/l6474.s19 -V after_programming -Rst

STM32 ST-LINK CLI v3.6.0.0
STM32 ST-LINK Command Line Interface

No ST-LINK [ID=55FF67066685485537241767 SWIM] Found!

❌ Errore di programmazione (codice 2).
Eseguo: C:\Program Files (x86)\STMicroelectronics\STM32 ST-LINK Utility\ST-LINK Utility\ST-LINK_CLI.exe -c SN=55FF67066685485537241767 SWIM -ME -P C:/Users/ernesto/Desktop/FW_prog_1439/l6474.s19 -V after_programming -Rst

STM32 ST-LINK CLI v3.6.0.0
STM32 ST-LINK Command Line Interface

No ST-LINK [ID=55FF67066685485537241767 SWIM] Found!

❌ Errore di programmazione (codice 2).
Eseguo: C:\Program Files (x86)\STMicroelectronics\STM32 ST-LINK Utility\ST-LINK Utility\ST-LINK_CLI.exe -c SN=55FF67066685485537241767 SWIM -ME -P C:/Users/ernesto/Desktop/FW_prog_1439/l6474.s19 -V after_programming -Rst

STM32 ST-LINK CLI v3.6.0.0
STM32 ST-LINK Command Line Interface

No ST-LINK [ID=55FF67066685485537241767 SWIM] Found!

❌ Errore di programmazione (codice 2).
Eseguo: C:\Program Files (x86)\STMicroelectronics\STM32 ST-LINK Utility\ST-LINK Utility\ST-LINK_CLI.exe -c SN=55FF67066685485537241767 SWIM -ME -P C:/Users/ernesto/Desktop/FW_prog_1439/l6474.s19 -V after_programming -Rst

STM32 ST-LINK CLI v3.6.0.0
STM32 ST-LINK Command Line Interface

No ST-LINK [ID=55FF67066685485537241767 SWIM] Found!

❌ Errore di programmazione (codice 2).
Eseguo: C:\Program Files (x86)\STMicroelectronics\STM32 ST-LINK Utility\ST-LINK Utility\ST-LINK_CLI.exe -c SN=55FF67066685485537241767 SWIM -ME -P C:/Users/ernesto/Desktop/FW_prog_1439/l6474.s19 -V after_programming -Rst

STM32 ST-LINK CLI v3.6.0.0
STM32 ST-LINK Command Line Interface

No ST-LINK [ID=55FF67066685485537241767 SWIM] Found!

❌ Errore di programmazione (codice 2).
Eseguo: C:\Program Files (x86)\STMicroelectronics\STM32 ST-LINK Utility\ST-LINK Utility\ST-LINK_CLI.exe -c SN=55FF67066685485537241767 SWIM -ME -P C:/Users/ernesto/Desktop/FW_prog_1439/l6474.s19 -V after_programming -Rst

STM32 ST-LINK CLI v3.6.0.0
STM32 ST-LINK Command Line Interface

No ST-LINK [ID=55FF67066685485537241767 SWIM] Found!

❌ Errore di programmazione (codice 2).
Eseguo: C:\Program Files (x86)\STMicroelectronics\STM32 ST-LINK Utility\ST-LINK Utility\ST-LINK_CLI.exe -c SN=55FF67066685485537241767 SWIM -ME -P C:/Users/ernesto/Desktop/FW_prog_1439/l6474.s19 -V after_programming -Rst

STM32 ST-LINK CLI v3.6.0.0
STM32 ST-LINK Command Line Interface

No ST-LINK [ID=55FF67066685485537241767 SWIM] Found!

❌ Errore di programmazione (codice 2).
Eseguo: C:\Program Files (x86)\STMicroelectronics\STM32 ST-LINK Utility\ST-LINK Utility\ST-LINK_CLI.exe -c SN=55FF67066685485537241767 SWIM -ME -P C:/Users/ernesto/Desktop/FW_prog_1439/l6474.s19 -V after_programming -Rst

STM32 ST-LINK CLI v3.6.0.0
STM32 ST-LINK Command Line Interface

No ST-LINK [ID=55FF67066685485537241767 SWIM] Found!

❌ Errore di programmazione (codice 2).
Eseguo: C:\Program Files (x86)\STMicroelectronics\STM32 ST-LINK Utility\ST-LINK Utility\ST-LINK_CLI.exe -c SN=55FF67066685485537241767 SWIM -ME -P C:/Users/ernesto/Desktop/FW_prog_1439/l6474.s19 -V after_programming -Rst

STM32 ST-LINK CLI v3.6.0.0
STM32 ST-LINK Command Line Interface

No ST-LINK [ID=55FF67066685485537241767 SWIM] Found!

❌ Errore di programmazione (codice 2).
Eseguo: C:\Program Files (x86)\STMicroelectronics\STM32 ST-LINK Utility\ST-LINK Utility\ST-LINK_CLI.exe -c SN=55FF67066685485537241767 SWIM -ME -P C:/Users/ernesto/Desktop/FW_prog_1439/l6474.s19 -V after_programming -Rst

STM32 ST-LINK CLI v3.6.0.0
STM32 ST-LINK Command Line Interface

No ST-LINK [ID=55FF67066685485537241767 SWIM] Found!

❌ Errore di programmazione (codice 2).
Eseguo: C:\Program Files (x86)\STMicroelectronics\STM32 ST-LINK Utility\ST-LINK Utility\ST-LINK_CLI.exe -c SN=55FF67066685485537241767 SWIM -ME -P C:/Users/ernesto/Desktop/FW_prog_1439/l6474.s19 -V after_programming -Rst

STM32 ST-LINK CLI v3.6.0.0
STM32 ST-LINK Command Line Interface

No ST-LINK [ID=55FF67066685485537241767 SWIM] Found!

❌ Errore di programmazione (codice 2).
Eseguo: C:\Program Files (x86)\STMicroelectronics\STM32 ST-LINK Utility\ST-LINK Utility\ST-LINK_CLI.exe -c SN=55FF67066685485537241767 SWIM -ME -P C:/Users/ernesto/Desktop/FW_prog_1439/l6474.s19 -V after_programming -Rst

STM32 ST-LINK CLI v3.6.0.0
STM32 ST-LINK Command Line Interface

No ST-LINK [ID=55FF67066685485537241767 SWIM] Found!

❌ Errore di programmazione (codice 2).
Eseguo: C:\Program Files (x86)\STMicroelectronics\STM32 ST-LINK Utility\ST-LINK Utility\ST-LINK_CLI.exe -c SN=55FF67066685485537241767 SWIM -ME -P C:/Users/ernesto/Desktop/FW_prog_1439/l6474.s19 -V after_programming -Rst

STM32 ST-LINK CLI v3.6.0.0
STM32 ST-LINK Command Line Interface

No ST-LINK [ID=55FF67066685485537241767 SWIM] Found!

❌ Errore di programmazione (codice 2).
Eseguo: C:\Program Files (x86)\STMicroelectronics\STM32 ST-LINK Utility\ST-LINK Utility\ST-LINK_CLI.exe -c SN=55FF67066685485537241767 SWIM -ME -P C:/Users/ernesto/Desktop/FW_prog_1439/l6474.s19 -V after_programming -Rst

STM32 ST-LINK CLI v3.6.0.0
STM32 ST-LINK Command Line Interface

No ST-LINK [ID=55FF67066685485537241767 SWIM] Found!

❌ Errore di programmazione (codice 2).
Eseguo: C:\Program Files (x86)\STMicroelectronics\STM32 ST-LINK Utility\ST-LINK Utility\ST-LINK_CLI.exe -c SN=55FF67066685485537241767 SWIM -ME -P C:/Users/ernesto/Desktop/FW_prog_1439/l6474.s19 -V after_programming -Rst

STM32 ST-LINK CLI v3.6.0.0
STM32 ST-LINK Command Line Interface

No ST-LINK [ID=55FF67066685485537241767 SWIM] Found!

❌ Errore di programmazione (codice 2).
Eseguo: C:\Program Files (x86)\STMicroelectronics\STM32 ST-LINK Utility\ST-LINK Utility\ST-LINK_CLI.exe -c SN=55FF67066685485537241767 SWIM -ME -P C:/Users/ernesto/Desktop/FW_prog_1439/l6474.s19 -V after_programming -Rst

STM32 ST-LINK CLI v3.6.0.0
STM32 ST-LINK Command Line Interface

No ST-LINK [ID=55FF67066685485537241767 SWIM] Found!

❌ Errore di programmazione (codice 2).
Eseguo: C:\Program Files (x86)\STMicroelectronics\STM32 ST-LINK Utility\ST-LINK Utility\ST-LINK_CLI.exe -c SN=55FF67066685485537241767 SWIM -ME -P C:/Users/ernesto/Desktop/FW_prog_1439/l6474.s19 -V after_programming -Rst

STM32 ST-LINK CLI v3.6.0.0
STM32 ST-LINK Command Line Interface

No ST-LINK [ID=55FF67066685485537241767 SWIM] Found!

❌ Errore di programmazione (codice 2).
Eseguo: C:\Program Files (x86)\STMicroelectronics\STM32 ST-LINK Utility\ST-LINK Utility\ST-LINK_CLI.exe -c SN=55FF67066685485537241767 SWIM -ME -P C:/Users/ernesto/Desktop/FW_prog_1439/l6474.s19 -V after_programming -Rst

STM32 ST-LINK CLI v3.6.0.0
STM32 ST-LINK Command Line Interface

No ST-LINK [ID=55FF67066685485537241767 SWIM] Found!

❌ Errore di programmazione (codice 2).
Eseguo: C:\Program Files (x86)\STMicroelectronics\STM32 ST-LINK Utility\ST-LINK Utility\ST-LINK_CLI.exe -c SN=55FF67066685485537241767 SWIM -ME -P C:/Users/ernesto/Desktop/FW_prog_1439/l6474.s19 -V after_programming -Rst

STM32 ST-LINK CLI v3.6.0.0
STM32 ST-LINK Command Line Interface

No ST-LINK [ID=55FF67066685485537241767 SWIM] Found!

❌ Errore di programmazione (codice 2).

--- Avvio Sessione ---
Eseguo: C:\Program Files (x86)\STMicroelectronics\STM32 ST-LINK Utility\ST-LINK Utility\ST-LINK_CLI.exe -c SN=55FF67066685485537241767 SWIM -ME -P C:/Users/ernesto/Desktop/FW_prog_1439/l6474.s19 -V after_programming -Rst

STM32 ST-LINK CLI v3.6.0.0
STM32 ST-LINK Command Line Interface

No ST-LINK [ID=55FF67066685485537241767 SWIM] Found!

❌ Errore di programmazione (codice 2).

--- Avvio Sessione ---
Eseguo: C:\Program Files (x86)\STMicroelectronics\STM32 ST-LINK Utility\ST-LINK Utility\ST-LINK_CLI.exe -c SN=55FF67066685485537241767 SWIM -ME -P C:/Users/ernesto/Desktop/FW_prog_1439/l6474.s19 -V after_programming -Rst

STM32 ST-LINK CLI v3.6.0.0
STM32 ST-LINK Command Line Interface

No ST-LINK [ID=55FF67066685485537241767 SWIM] Found!

❌ Errore di programmazione (codice 2).
Eseguo: C:\Program Files (x86)\STMicroelectronics\STM32 ST-LINK Utility\ST-LINK Utility\ST-LINK_CLI.exe -c SN=55FF67066685485537241767 SWIM -ME -P C:/Users/ernesto/Desktop/FW_prog_1439/l6474.s19 -V after_programming -Rst

STM32 ST-LINK CLI v3.6.0.0
STM32 ST-LINK Command Line Interface

No ST-LINK [ID=55FF67066685485537241767 SWIM] Found!

❌ Errore di programmazione (codice 2).
Eseguo: C:\Program Files (x86)\STMicroelectronics\STM32 ST-LINK Utility\ST-LINK Utility\ST-LINK_CLI.exe -c SN=55FF67066685485537241767 SWIM -ME -P C:/Users/ernesto/Desktop/FW_prog_1439/l6474.s19 -V after_programming -Rst

STM32 ST-LINK CLI v3.6.0.0
STM32 ST-LINK Command Line Interface

No ST-LINK [ID=55FF67066685485537241767 SWIM] Found!

❌ Errore di programmazione (codice 2).
Eseguo: C:\Program Files (x86)\STMicroelectronics\STM32 ST-LINK Utility\ST-LINK Utility\ST-LINK_CLI.exe -c SN=55FF67066685485537241767 SWIM -ME -P C:/Users/ernesto/Desktop/FW_prog_1439/l6474.s19 -V after_programming -Rst

STM32 ST-LINK CLI v3.6.0.0
STM32 ST-LINK Command Line Interface

No ST-LINK [ID=55FF67066685485537241767 SWIM] Found!

❌ Errore di programmazione (codice 2).

--- Avvio Sessione ---

--- Avvio Sessione ---
Eseguo: C:/Program Files (x86)/STMicroelectronics/st_toolset/stvp/STVP_CmdLine.exe -BoardName=ST-LINK -Port=USB -ProgMode=SWIM -Device=STM8S003K3 -verbose -no_progOption -no_loop -verif -FileProg=C:/Users/ernesto/Desktop/FW_prog_1439/l6474.s19 -FileData=C:/Users/ernesto/Desktop/FW_prog_1439/Data_mem.hex -FileOption=C:/Users/ernesto/Desktop/FW_prog_1439/Option_default.hex

STVP_CmdLine version 1.6

Verbose ON
Log activity ON
Display Progress OFF
Message box warning if protect option byte ON
Loop mode OFF
Erase device OFF
Blank check device OFF
Verify device ON

Configuration:
BoardName=ST-LINK ST-LINK_ID=0 Device=STM8S003K3 Port=USB ProgMode=SWIM

>>> Filling PROGRAM MEMORY image in computer with Blank Value
<<< Filling PROGRAM MEMORY image in computer succeeds

>>> Loading file C:/Users/ernesto/Desktop/FW_prog_1439/l6474.s19 in PROGRAM MEMORY image in computer
<<< Loading file succeeds

>>> Filling DATA MEMORY image in computer with Blank Value
<<< Filling DATA MEMORY image in computer succeeds

>>> Loading file C:/Users/ernesto/Desktop/FW_prog_1439/Data_mem.hex in DATA MEMORY image in computer
<<< Loading file succeeds

>>> Loading file C:/Users/ernesto/Desktop/FW_prog_1439/Option_default.hex in OPTION BYTE image in computer
<<< Loading file succeeds

Hit 'Esc' key to abort during communication.

>>> Programming PROGRAM MEMORY
(API) ERROR : Cannot communicate with the device !
Check the SWIM cable connection and check all the needed pin connections on the SWIM connector.

If the application code uses Swim Disable and Reset pin as Output or has disabled SWIM Clock Divider:
Try Now to SWITCH OFF and ON the application Power Supply while NRST Reset pin is forced low.

<<< Programming PROGRAM MEMORY fails

❌ Errore di programmazione (codice 1).
Eseguo: C:/Program Files (x86)/STMicroelectronics/st_toolset/stvp/STVP_CmdLine.exe -BoardName=ST-LINK -Port=USB -ProgMode=SWIM -Device=STM8S003K3 -verbose -no_progOption -no_loop -verif -FileProg=C:/Users/ernesto/Desktop/FW_prog_1439/l6474.s19 -FileData=C:/Users/ernesto/Desktop/FW_prog_1439/Data_mem.hex -FileOption=C:/Users/ernesto/Desktop/FW_prog_1439/Option_default.hex

STVP_CmdLine version 1.6

Verbose ON
Log activity ON
Display Progress OFF
Message box warning if protect option byte ON
Loop mode OFF
Erase device OFF
Blank check device OFF
Verify device ON

Configuration:
BoardName=ST-LINK ST-LINK_ID=0 Device=STM8S003K3 Port=USB ProgMode=SWIM

>>> Filling PROGRAM MEMORY image in computer with Blank Value
<<< Filling PROGRAM MEMORY image in computer succeeds

>>> Loading file C:/Users/ernesto/Desktop/FW_prog_1439/l6474.s19 in PROGRAM MEMORY image in computer
<<< Loading file succeeds

>>> Filling DATA MEMORY image in computer with Blank Value
<<< Filling DATA MEMORY image in computer succeeds

>>> Loading file C:/Users/ernesto/Desktop/FW_prog_1439/Data_mem.hex in DATA MEMORY image in computer
<<< Loading file succeeds

>>> Loading file C:/Users/ernesto/Desktop/FW_prog_1439/Option_default.hex in OPTION BYTE image in computer
<<< Loading file succeeds

Hit 'Esc' key to abort during communication.

>>> Programming PROGRAM MEMORY
(API) ERROR : Cannot communicate with the device !
Check the SWIM cable connection and check all the needed pin connections on the SWIM connector.

If the application code uses Swim Disable and Reset pin as Output or has disabled SWIM Clock Divider:
Try Now to SWITCH OFF and ON the application Power Supply while NRST Reset pin is forced low.

<<< Programming PROGRAM MEMORY fails

❌ Errore di programmazione (codice 1).
Eseguo: C:/Program Files (x86)/STMicroelectronics/st_toolset/stvp/STVP_CmdLine.exe -BoardName=ST-LINK -Port=USB -ProgMode=SWIM -Device=STM8S003K3 -verbose -no_progOption -no_loop -verif -FileProg=C:/Users/ernesto/Desktop/FW_prog_1439/l6474.s19 -FileData=C:/Users/ernesto/Desktop/FW_prog_1439/Data_mem.hex -FileOption=C:/Users/ernesto/Desktop/FW_prog_1439/Option_default.hex

STVP_CmdLine version 1.6

Verbose ON
Log activity ON
Display Progress OFF
Message box warning if protect option byte ON
Loop mode OFF
Erase device OFF
Blank check device OFF
Verify device ON

Configuration:
BoardName=ST-LINK ST-LINK_ID=0 Device=STM8S003K3 Port=USB ProgMode=SWIM

>>> Filling PROGRAM MEMORY image in computer with Blank Value
<<< Filling PROGRAM MEMORY image in computer succeeds

>>> Loading file C:/Users/ernesto/Desktop/FW_prog_1439/l6474.s19 in PROGRAM MEMORY image in computer
<<< Loading file succeeds

>>> Filling DATA MEMORY image in computer with Blank Value
<<< Filling DATA MEMORY image in computer succeeds

>>> Loading file C:/Users/ernesto/Desktop/FW_prog_1439/Data_mem.hex in DATA MEMORY image in computer
<<< Loading file succeeds

>>> Loading file C:/Users/ernesto/Desktop/FW_prog_1439/Option_default.hex in OPTION BYTE image in computer
<<< Loading file succeeds

Hit 'Esc' key to abort during communication.


--- Avvio Sessione ---
Eseguo: C:/Program Files (x86)/STMicroelectronics/st_toolset/stvp/STVP_CmdLine.exe -BoardName=ST-LINK -Port=USB -ProgMode=SWIM -Device=STM8S003K3 -verbose -no_progOption -no_loop -verif -FileProg=C:/Users/ernesto/Desktop/FW_prog_1439/l6474.s19 -FileData=C:/Users/ernesto/Desktop/FW_prog_1439/Data_mem.hex -FileOption=C:/Users/ernesto/Desktop/FW_prog_1439/Option_default.hex

STVP_CmdLine version 1.6

Verbose ON
Log activity ON
Display Progress OFF
Message box warning if protect option byte ON
Loop mode OFF
Erase device OFF
Blank check device OFF
Verify device ON

Configuration:
BoardName=ST-LINK ST-LINK_ID=0 Device=STM8S003K3 Port=USB ProgMode=SWIM

>>> Filling PROGRAM MEMORY image in computer with Blank Value
<<< Filling PROGRAM MEMORY image in computer succeeds

>>> Loading file C:/Users/ernesto/Desktop/FW_prog_1439/l6474.s19 in PROGRAM MEMORY image in computer
<<< Loading file succeeds

>>> Filling DATA MEMORY image in computer with Blank Value
<<< Filling DATA MEMORY image in computer succeeds

>>> Loading file C:/Users/ernesto/Desktop/FW_prog_1439/Data_mem.hex in DATA MEMORY image in computer
<<< Loading file succeeds

>>> Loading file C:/Users/ernesto/Desktop/FW_prog_1439/Option_default.hex in OPTION BYTE image in computer
<<< Loading file succeeds

Hit 'Esc' key to abort during communication.

>>> Programming PROGRAM MEMORY
(API) ERROR : Cannot communicate with the device !
Check the SWIM cable connection and check all the needed pin connections on the SWIM connector.

If the application code uses Swim Disable and Reset pin as Output or has disabled SWIM Clock Divider:
Try Now to SWITCH OFF and ON the application Power Supply while NRST Reset pin is forced low.

<<< Programming PROGRAM MEMORY fails

❌ Errore di programmazione (codice 1).
Eseguo: C:/Program Files (x86)/STMicroelectronics/st_toolset/stvp/STVP_CmdLine.exe -BoardName=ST-LINK -Port=USB -ProgMode=SWIM -Device=STM8S003K3 -verbose -no_progOption -no_loop -verif -FileProg=C:/Users/ernesto/Desktop/FW_prog_1439/l6474.s19 -FileData=C:/Users/ernesto/Desktop/FW_prog_1439/Data_mem.hex -FileOption=C:/Users/ernesto/Desktop/FW_prog_1439/Option_default.hex

STVP_CmdLine version 1.6

Verbose ON
Log activity ON
Display Progress OFF
Message box warning if protect option byte ON
Loop mode OFF
Erase device OFF
Blank check device OFF
Verify device ON

Configuration:
BoardName=ST-LINK ST-LINK_ID=0 Device=STM8S003K3 Port=USB ProgMode=SWIM

>>> Filling PROGRAM MEMORY image in computer with Blank Value
<<< Filling PROGRAM MEMORY image in computer succeeds

>>> Loading file C:/Users/ernesto/Desktop/FW_prog_1439/l6474.s19 in PROGRAM MEMORY image in computer
<<< Loading file succeeds

>>> Filling DATA MEMORY image in computer with Blank Value
<<< Filling DATA MEMORY image in computer succeeds

>>> Loading file C:/Users/ernesto/Desktop/FW_prog_1439/Data_mem.hex in DATA MEMORY image in computer
<<< Loading file succeeds

>>> Loading file C:/Users/ernesto/Desktop/FW_prog_1439/Option_default.hex in OPTION BYTE image in computer
<<< Loading file succeeds

Hit 'Esc' key to abort during communication.

>>> Programming PROGRAM MEMORY
(API) ERROR : Cannot communicate with the device !
Check the SWIM cable connection and check all the needed pin connections on the SWIM connector.

If the application code uses Swim Disable and Reset pin as Output or has disabled SWIM Clock Divider:
Try Now to SWITCH OFF and ON the application Power Supply while NRST Reset pin is forced low.

<<< Programming PROGRAM MEMORY fails

❌ Errore di programmazione (codice 1).

--- Avvio Sessione ---

--- Avvio Sessione ---
