
--- Avvio Sessione ---
Eseguo: C:\Program Files (x86)\STMicroelectronics\STM32 ST-LINK Utility\ST-LINK Utility\ST-LINK_CLI.exe -c SN=55FF67066685485537241767 SWIM -ME -P C:/Users/ernesto/Desktop/FW_prog_1439/l6474.s19 -V after_programming -Rst

STM32 ST-LINK CLI v3.6.0.0
STM32 ST-LINK Command Line Interface

No ST-LINK [ID=55FF67066685485537241767 SWIM] Found!

Errore programmazione (codice 2).
Eseguo: C:\Program Files (x86)\STMicroelectronics\STM32 ST-LINK Utility\ST-LINK Utility\ST-LINK_CLI.exe -c SN=55FF67066685485537241767 SWIM -ME -P C:/Users/ernesto/Desktop/FW_prog_1439/l6474.s19 -V after_programming -Rst

STM32 ST-LINK CLI v3.6.0.0
STM32 ST-LINK Command Line Interface

No ST-LINK [ID=55FF67066685485537241767 SWIM] Found!

Errore programmazione (codice 2).
Eseguo: C:\Program Files (x86)\STMicroelectronics\STM32 ST-LINK Utility\ST-LINK Utility\ST-LINK_CLI.exe -c SN=55FF67066685485537241767 SWIM -ME -P C:/Users/ernesto/Desktop/FW_prog_1439/l6474.s19 -V after_programming -Rst

STM32 ST-LINK CLI v3.6.0.0
STM32 ST-LINK Command Line Interface

No ST-LINK [ID=55FF67066685485537241767 SWIM] Found!

Errore programmazione (codice 2).
Eseguo: C:\Program Files (x86)\STMicroelectronics\STM32 ST-LINK Utility\ST-LINK Utility\ST-LINK_CLI.exe -c SN=55FF67066685485537241767 SWIM -ME -P C:/Users/ernesto/Desktop/FW_prog_1439/l6474.s19 -V after_programming -Rst

STM32 ST-LINK CLI v3.6.0.0
STM32 ST-LINK Command Line Interface

No ST-LINK [ID=55FF67066685485537241767 SWIM] Found!

Errore programmazione (codice 2).
Eseguo: C:\Program Files (x86)\STMicroelectronics\STM32 ST-LINK Utility\ST-LINK Utility\ST-LINK_CLI.exe -c SN=55FF67066685485537241767 SWIM -ME -P C:/Users/ernesto/Desktop/FW_prog_1439/l6474.s19 -V after_programming -Rst

STM32 ST-LINK CLI v3.6.0.0
STM32 ST-LINK Command Line Interface

No ST-LINK [ID=55FF67066685485537241767 SWIM] Found!

Errore programmazione (codice 2).
